<?xml version='1.0' encoding='UTF-8'?>
<testsuite hostname="Liams-MacBook-Pro-3.local" name="edu.colorado.csci3155.project1.CompilerTest" tests="17" errors="0" failures="0" skipped="0" time="0.018" timestamp="2025-10-17T13:39:57">
          <properties>
      <property name="java.specification.version" value="25"/><property name="sun.jnu.encoding" value="UTF-8"/><property name="java.class.path" value="/opt/homebrew/Cellar/sbt/1.11.7/libexec/bin/sbt-launch.jar"/><property name="java.vm.vendor" value="Homebrew"/><property name="sun.arch.data.model" value="64"/><property name="jline.shutdownhook" value="false"/><property name="java.vendor.url" value="https://github.com/Homebrew/homebrew-core/issues"/><property name="user.timezone" value="America/Denver"/><property name="java.vm.specification.version" value="25"/><property name="os.name" value="Mac OS X"/><property name="sun.java.launcher" value="SUN_STANDARD"/><property name="user.country" value="US"/><property name="sun.boot.library.path" value="/opt/homebrew/Cellar/openjdk/25/libexec/openjdk.jdk/Contents/Home/lib"/><property name="sun.java.command" value="/opt/homebrew/Cellar/sbt/1.11.7/libexec/bin/sbt-launch.jar test"/><property name="http.nonProxyHosts" value="local|*.local|169.254/16|*.169.254/16"/><property name="jdk.debug" value="release"/><property name="sun.cpu.endian" value="little"/><property name="user.home" value="/Users/liamford"/><property name="user.language" value="en"/><property name="sbt.script" value="/opt/homebrew/Cellar/sbt/1.11.7/libexec/bin/sbt"/><property name="java.specification.vendor" value="Oracle Corporation"/><property name="sbt.ipcsocket.tmpdir" value="/var/folders/xw/t3vrd8_x7cv32_h8dtr3gsnr0000gn/T/.sbt4f2f14cb/ipcsocket"/><property name="swoval.tmpdir" value="/var/folders/xw/t3vrd8_x7cv32_h8dtr3gsnr0000gn/T/.sbt4f2f14cb/swoval"/><property name="java.version.date" value="2025-09-16"/><property name="java.home" value="/opt/homebrew/Cellar/openjdk/25/libexec/openjdk.jdk/Contents/Home"/><property name="file.separator" value="/"/><property name="java.vm.compressedOopsMode" value="Zero based"/><property name="line.separator" value="
"/><property name="java.vm.specification.vendor" value="Oracle Corporation"/><property name="java.specification.name" value="Java Platform API Specification"/><property name="apple.awt.application.name" value="Boot"/><property name="jline.esc.timeout" value="0"/><property name="sun.management.compiler" value="HotSpot 64-Bit Tiered Compilers"/><property name="ftp.nonProxyHosts" value="local|*.local|169.254/16|*.169.254/16"/><property name="java.runtime.version" value="25"/><property name="user.name" value="liamford"/><property name="stdout.encoding" value="UTF-8"/><property name="path.separator" value=":"/><property name="os.version" value="15.6.1"/><property name="jna.nosys" value="true"/><property name="java.runtime.name" value="OpenJDK Runtime Environment"/><property name="log4j.ignoreTCL" value="true"/><property name="file.encoding" value="UTF-8"/><property name="java.vm.name" value="OpenJDK 64-Bit Server VM"/><property name="java.vendor.version" value="Homebrew"/><property name="java.vendor.url.bug" value="https://github.com/Homebrew/homebrew-core/issues"/><property name="java.io.tmpdir" value="/var/folders/xw/t3vrd8_x7cv32_h8dtr3gsnr0000gn/T/"/><property name="java.version" value="25"/><property name="user.dir" value="/Users/liamford/Documents/project1_students"/><property name="os.arch" value="aarch64"/><property name="sun.misc.unsafe.memory.access" value="allow"/><property name="java.vm.specification.name" value="Java Virtual Machine Specification"/><property name="native.encoding" value="UTF-8"/><property name="java.library.path" value="/Users/liamford/Library/Java/Extensions:/Library/Java/Extensions:/Network/Library/Java/Extensions:/System/Library/Java/Extensions:/usr/lib/java:."/><property name="java.vm.info" value="mixed mode, sharing"/><property name="stderr.encoding" value="UTF-8"/><property name="java.vendor" value="Homebrew"/><property name="java.vm.version" value="25"/><property name="stdin.encoding" value="UTF-8"/><property name="scala.ext.dirs" value="/Users/liamford/.sbt/1.0/java9-rt-ext-homebrew_25"/><property name="sun.io.unicode.encoding" value="UnicodeBig"/><property name="socksNonProxyHosts" value="local|*.local|169.254/16|*.169.254/16"/><property name="java.class.version" value="69.0"/>
    </properties>
          <testcase classname="edu.colorado.csci3155.project1.CompilerTest" name="simple expression 1" time="0.007">
                      
                    </testcase><testcase classname="edu.colorado.csci3155.project1.CompilerTest" name="simple expression 2" time="0.001">
                      
                    </testcase><testcase classname="edu.colorado.csci3155.project1.CompilerTest" name="simple expression 3" time="0.001">
                      
                    </testcase><testcase classname="edu.colorado.csci3155.project1.CompilerTest" name="simple expression 4" time="0.002">
                      
                    </testcase><testcase classname="edu.colorado.csci3155.project1.CompilerTest" name="LetBinding + Id Test 1" time="0.001">
                      
                    </testcase><testcase classname="edu.colorado.csci3155.project1.CompilerTest" name="LetBinding + Id Test 2" time="0.0">
                      
                    </testcase><testcase classname="edu.colorado.csci3155.project1.CompilerTest" name="LetBinding + Id Test 3" time="0.0">
                      
                    </testcase><testcase classname="edu.colorado.csci3155.project1.CompilerTest" name="LetBinding + Id Test 4" time="0.0">
                      
                    </testcase><testcase classname="edu.colorado.csci3155.project1.CompilerTest" name="LetBinding + Id Test 5" time="0.002">
                      
                    </testcase><testcase classname="edu.colorado.csci3155.project1.CompilerTest" name="If-then-else-test-1" time="0.002">
                      
                    </testcase><testcase classname="edu.colorado.csci3155.project1.CompilerTest" name="If-then-else-test-2" time="0.001">
                      
                    </testcase><testcase classname="edu.colorado.csci3155.project1.CompilerTest" name="test-and-simple-1" time="0.0">
                      
                    </testcase><testcase classname="edu.colorado.csci3155.project1.CompilerTest" name="test-and-simple-2" time="0.0">
                      
                    </testcase><testcase classname="edu.colorado.csci3155.project1.CompilerTest" name="test-and-simple-3" time="0.0">
                      
                    </testcase><testcase classname="edu.colorado.csci3155.project1.CompilerTest" name="test-or-simple-1" time="0.001">
                      
                    </testcase><testcase classname="edu.colorado.csci3155.project1.CompilerTest" name="test-or-not-1" time="0.0">
                      
                    </testcase><testcase classname="edu.colorado.csci3155.project1.CompilerTest" name="test-let-binding-1" time="0.0">
                      
                    </testcase>
          <system-out><![CDATA[]]></system-out>
          <system-err><![CDATA[]]></system-err>
        </testsuite>